<?xml version="1.0" encoding="UTF-8"?>
<!-- Generated by org.testng.reporters.JUnitReportReporter -->
<testsuite hostname="DESKTOP-073QPVU" failures="0" tests="3" name="learn_testNG.DataProviderDemo" time="0.000" errors="0" timestamp="2023-01-09T20:58:51 IST" skipped="3">
  <testcase classname="learn_testNG.DataProviderDemo" name="flipkartSearch" time="0.000">
    <skipped/>
  </testcase> <!-- flipkartSearch -->
  <system-out/>
  <testcase classname="learn_testNG.DataProviderDemo" name="flipkartSearch" time="0.000">
    <skipped/>
  </testcase> <!-- flipkartSearch -->
  <system-out/>
  <testcase classname="learn_testNG.DataProviderDemo" name="flipkartSearch" time="0.000">
    <skipped/>
  </testcase> <!-- flipkartSearch -->
  <system-out/>
</testsuite> <!-- learn_testNG.DataProviderDemo -->
