<?xml version="1.0" encoding="UTF-8"?>
<!-- Generated by org.testng.reporters.JUnitReportReporter -->
<testsuite hostname="DESKTOP-073QPVU" failures="0" tests="2" name="learn_testNG.AnnotionsOfTestNG" time="0.000" errors="0" timestamp="2023-01-09T21:06:18 IST" skipped="2">
  <testcase classname="learn_testNG.AnnotionsOfTestNG" name="Test1" time="0.000">
    <skipped/>
  </testcase> <!-- Test1 -->
  <system-out/>
  <testcase classname="learn_testNG.AnnotionsOfTestNG" name="Test2" time="0.000">
    <skipped/>
  </testcase> <!-- Test2 -->
  <system-out/>
</testsuite> <!-- learn_testNG.AnnotionsOfTestNG -->
