<?xml version="1.0" encoding="UTF-8"?>
<!-- Generated by org.testng.reporters.JUnitReportReporter -->
<testsuite hostname="DESKTOP-073QPVU" failures="0" tests="1" name="frameWorkDDF.DataDrivenReadFile" time="43.848" errors="0" timestamp="2022-12-29T21:03:41 IST" skipped="0">
  <testcase classname="frameWorkDDF.DataDrivenReadFile" name="loginFromExcel" time="43.848"/>
  <system-out/>
</testsuite> <!-- frameWorkDDF.DataDrivenReadFile -->
