<?xml version="1.0" encoding="UTF-8"?>
<!-- Generated by org.testng.reporters.JUnitReportReporter -->
<testsuite hostname="DESKTOP-073QPVU" failures="0" tests="1" name="learn_testNG.AssertDemo" time="0.000" errors="0" timestamp="2023-01-09T20:58:51 IST" skipped="1">
  <testcase classname="learn_testNG.AssertDemo" name="amazonAssertTitle" time="0.000">
    <skipped/>
  </testcase> <!-- amazonAssertTitle -->
  <system-out/>
</testsuite> <!-- learn_testNG.AssertDemo -->
