<?xml version="1.0" encoding="UTF-8"?>
<!-- Generated by org.testng.reporters.JUnitReportReporter -->
<testsuite hostname="DESKTOP-073QPVU" failures="0" tests="1" name="learn_testNG.GroupsDemo" time="0.423" errors="0" timestamp="2023-01-09T21:42:02 IST" skipped="0">
  <testcase classname="learn_testNG.GroupsDemo" name="testCase3" time="0.423"/>
  <system-out/>
</testsuite> <!-- learn_testNG.GroupsDemo -->
