<?xml version="1.0" encoding="UTF-8"?>
<!-- Generated by org.testng.reporters.JUnitReportReporter -->
<testsuite hostname="DESKTOP-073QPVU" failures="0" tests="3" name="learn_testNG.CrossBrowserTesting" time="21.155" errors="0" timestamp="2023-01-09T21:19:57 IST" skipped="0">
  <testcase classname="learn_testNG.CrossBrowserTesting" name="amazonAssertTitle" time="3.137"/>
  <system-out/>
  <testcase classname="learn_testNG.CrossBrowserTesting" name="amazonAssertTitle" time="10.292"/>
  <system-out/>
  <testcase classname="learn_testNG.CrossBrowserTesting" name="amazonAssertTitle" time="7.726"/>
  <system-out/>
</testsuite> <!-- learn_testNG.CrossBrowserTesting -->
